app/build/intermediates/manifest_merge_blame_file/release/manifest-merger-blame-release-report.txt
1<?xml version="1.0" encoding="utf-8"?>
2<manifest xmlns:android="http://schemas.android.com/apk/res/android"
3    package="com.example.alkocalc"
4    android:versionCode="1"
5    android:versionName="1.0" >
6
7    <uses-sdk
8        android:minSdkVersion="24"
8-->src\main\AndroidManifest.xml
9        android:targetSdkVersion="29" />
9-->src\main\AndroidManifest.xml
10
11    <application
11-->src\main\AndroidManifest.xml:5:5-31:19
12        android:allowBackup="true"
12-->src\main\AndroidManifest.xml:6:9-35
13        android:appComponentFactory="androidx.core.app.CoreComponentFactory"
13-->[androidx.core:core:1.3.1] AndroidManifest.xml:24:18-86
14        android:extractNativeLibs="false"
15        android:icon="@mipmap/alko_logo"
15-->src\main\AndroidManifest.xml:7:9-41
16        android:label="@string/app_name"
16-->src\main\AndroidManifest.xml:8:9-41
17        android:roundIcon="@mipmap/ic_launcher_round"
17-->src\main\AndroidManifest.xml:9:9-54
18        android:screenOrientation="portrait"
18-->src\main\AndroidManifest.xml:10:9-45
19        android:supportsRtl="true"
19-->src\main\AndroidManifest.xml:11:9-35
20        android:theme="@style/AppTheme" >
20-->src\main\AndroidManifest.xml:12:9-40
21        <activity android:name="com.example.alkocalc.SplashScreen" />
21-->src\main\AndroidManifest.xml:13:9-50
21-->src\main\AndroidManifest.xml:13:19-47
22        <activity android:name="com.example.alkocalc.InfoPanel" />
22-->src\main\AndroidManifest.xml:14:9-47
22-->src\main\AndroidManifest.xml:14:19-44
23        <activity android:name="com.example.alkocalc.DateDiary" />
23-->src\main\AndroidManifest.xml:15:9-47
23-->src\main\AndroidManifest.xml:15:19-44
24        <activity android:name="com.example.alkocalc.DoseDrunkResult" />
24-->src\main\AndroidManifest.xml:16:9-53
24-->src\main\AndroidManifest.xml:16:19-50
25        <activity android:name="com.example.alkocalc.DoseDrunk" />
25-->src\main\AndroidManifest.xml:17:9-47
25-->src\main\AndroidManifest.xml:17:19-44
26        <activity android:name="com.example.alkocalc.TimeSoberResult" />
26-->src\main\AndroidManifest.xml:18:9-53
26-->src\main\AndroidManifest.xml:18:19-50
27        <activity android:name="com.example.alkocalc.TimeSober" />
27-->src\main\AndroidManifest.xml:19:9-47
27-->src\main\AndroidManifest.xml:19:19-44
28        <activity android:name="com.example.alkocalc.ChangeAttrs" />
28-->src\main\AndroidManifest.xml:20:9-49
28-->src\main\AndroidManifest.xml:20:19-46
29        <activity android:name="com.example.alkocalc.FirstScreen" />
29-->src\main\AndroidManifest.xml:21:9-49
29-->src\main\AndroidManifest.xml:21:19-46
30        <activity android:name="com.example.alkocalc.ThirdScreen" />
30-->src\main\AndroidManifest.xml:22:9-49
30-->src\main\AndroidManifest.xml:22:19-46
31        <activity android:name="com.example.alkocalc.SecondScreen" />
31-->src\main\AndroidManifest.xml:23:9-50
31-->src\main\AndroidManifest.xml:23:19-47
32        <activity android:name="com.example.alkocalc.ChooseFunction" >
32-->src\main\AndroidManifest.xml:24:9-30:20
32-->src\main\AndroidManifest.xml:24:19-49
33            <intent-filter>
33-->src\main\AndroidManifest.xml:25:13-29:29
34                <action android:name="android.intent.action.MAIN" />
34-->src\main\AndroidManifest.xml:26:17-69
34-->src\main\AndroidManifest.xml:26:25-66
35
36                <category android:name="android.intent.category.LAUNCHER" />
36-->src\main\AndroidManifest.xml:28:17-77
36-->src\main\AndroidManifest.xml:28:27-74
37            </intent-filter>
38        </activity>
39    </application>
40
41</manifest>